<?xml version="1.0" encoding="UTF-8"?>
<!-- Generated by org.testng.reporters.JUnitXMLReporter -->
<testsuite hostname="chouman" ignored="0" name="Test" tests="2" failures="0" timestamp="2021-06-26T13:21:05 EDT" time="42.209" errors="0">
  <testcase name="LoginValidation" time="16.722" classname="com.PRregressionSuite.TestScripts_PR_Regression"/>
  <testcase name="mInOfficeAppointmentValidation" time="12.712" classname="com.PRregressionSuite.TestScripts_PR_Regression"/>
</testsuite> <!-- Test -->
