<?xml version="1.0" encoding="UTF-8"?>
<testng-results skipped="0" failed="0" ignored="0" total="2" passed="2">
  <reporter-output>
  </reporter-output>
  <suite name="Suite" duration-ms="42209" started-at="2021-06-26T13:20:23 EDT" finished-at="2021-06-26T13:21:05 EDT">
    <groups>
    </groups>
    <test name="Test" duration-ms="42209" started-at="2021-06-26T13:20:23 EDT" finished-at="2021-06-26T13:21:05 EDT">
      <class name="com.PRregressionSuite.TestScripts_PR_Regression">
        <test-method status="PASS" signature="setUpSuite()[pri:0, instance:com.PRregressionSuite.TestScripts_PR_Regression@305fd85d]" name="setUpSuite" is-config="true" duration-ms="63" started-at="2021-06-26T13:20:23 EDT" finished-at="2021-06-26T13:20:23 EDT">
          <reporter-output>
          </reporter-output>
        </test-method> <!-- setUpSuite -->
        <test-method status="PASS" signature="StartBrowser()[pri:0, instance:com.PRregressionSuite.TestScripts_PR_Regression@305fd85d]" name="StartBrowser" is-config="true" duration-ms="10120" started-at="2021-06-26T13:20:23 EDT" finished-at="2021-06-26T13:20:33 EDT">
          <reporter-output>
          </reporter-output>
        </test-method> <!-- StartBrowser -->
        <test-method status="PASS" signature="LoginValidation(java.lang.String, java.lang.String)[pri:1, instance:com.PRregressionSuite.TestScripts_PR_Regression@305fd85d]" name="LoginValidation" duration-ms="16722" started-at="2021-06-26T13:20:35 EDT" data-provider="getLoginTestData" finished-at="2021-06-26T13:20:51 EDT">
          <params>
            <param index="0">
              <value>
                <![CDATA[akhtersalma68@gmail.com]]>
              </value>
            </param>
            <param index="1">
              <value>
                <![CDATA[SanjidHasan04$]]>
              </value>
            </param>
          </params>
          <reporter-output>
          </reporter-output>
        </test-method> <!-- LoginValidation -->
        <test-method status="PASS" signature="tearDownMethod(org.testng.ITestResult)[pri:0, instance:com.PRregressionSuite.TestScripts_PR_Regression@305fd85d]" name="tearDownMethod" is-config="true" duration-ms="2" started-at="2021-06-26T13:20:51 EDT" finished-at="2021-06-26T13:20:51 EDT">
          <params>
            <param index="0">
              <value>
                <![CDATA[[TestResult name=LoginValidation status=SUCCESS method=TestScripts_PR_Regression.LoginValidation(java.lang.String, java.lang.String)[pri:1, instance:com.PRregressionSuite.TestScripts_PR_Regression@305fd85d] output={null}]]]>
              </value>
            </param>
          </params>
          <reporter-output>
          </reporter-output>
        </test-method> <!-- tearDownMethod -->
        <test-method status="PASS" signature="mInOfficeAppointmentValidation()[pri:2, instance:com.PRregressionSuite.TestScripts_PR_Regression@305fd85d]" name="mInOfficeAppointmentValidation" duration-ms="12712" started-at="2021-06-26T13:20:51 EDT" finished-at="2021-06-26T13:21:04 EDT">
          <reporter-output>
          </reporter-output>
        </test-method> <!-- mInOfficeAppointmentValidation -->
        <test-method status="PASS" signature="tearDownMethod(org.testng.ITestResult)[pri:0, instance:com.PRregressionSuite.TestScripts_PR_Regression@305fd85d]" name="tearDownMethod" is-config="true" duration-ms="0" started-at="2021-06-26T13:21:04 EDT" finished-at="2021-06-26T13:21:04 EDT">
          <params>
            <param index="0">
              <value>
                <![CDATA[[TestResult name=mInOfficeAppointmentValidation status=SUCCESS method=TestScripts_PR_Regression.mInOfficeAppointmentValidation()[pri:2, instance:com.PRregressionSuite.TestScripts_PR_Regression@305fd85d] output={null}]]]>
              </value>
            </param>
          </params>
          <reporter-output>
          </reporter-output>
        </test-method> <!-- tearDownMethod -->
        <test-method status="PASS" signature="CloseBrowser()[pri:0, instance:com.PRregressionSuite.TestScripts_PR_Regression@305fd85d]" name="CloseBrowser" is-config="true" duration-ms="945" started-at="2021-06-26T13:21:04 EDT" finished-at="2021-06-26T13:21:05 EDT">
          <reporter-output>
          </reporter-output>
        </test-method> <!-- CloseBrowser -->
      </class> <!-- com.PRregressionSuite.TestScripts_PR_Regression -->
    </test> <!-- Test -->
  </suite> <!-- Suite -->
</testng-results>
